{
  message: 'Database is connected successfully!',
  level: 'info',
  label: 'SH',
  timestamp: '2023-07-03T16:02:09.779Z'
}
{
  message: 'Example app listening on port 5000',
  level: 'info',
  label: 'SH',
  timestamp: '2023-07-03T16:02:09.795Z'
}
{
  message: 'Database is connected successfully!',
  level: 'info',
  label: 'SH',
  timestamp: '2023-07-03T16:05:17.877Z'
}
{
  message: 'Example app listening on port 5000',
  level: 'info',
  label: 'SH',
  timestamp: '2023-07-03T16:05:17.890Z'
}
{
  message: 'Database is connected successfully!',
  level: 'info',
  label: 'SH',
  timestamp: '2023-07-03T16:05:42.754Z'
}
{
  message: 'Example app listening on port 5000',
  level: 'info',
  label: 'SH',
  timestamp: '2023-07-03T16:05:42.764Z'
}
{
  message: 'Database is connected successfully!',
  level: 'info',
  label: 'SH',
  timestamp: '2023-07-03T16:06:15.397Z'
}
{
  message: 'Example app listening on port 5000',
  level: 'info',
  label: 'SH',
  timestamp: '2023-07-03T16:06:15.408Z'
}
{
  message: 'Database is connected successfully!',
  level: 'info',
  label: 'SH',
  timestamp: '2023-07-03T16:06:28.053Z'
}
{
  message: 'Example app listening on port 5000',
  level: 'info',
  label: 'SH',
  timestamp: '2023-07-03T16:06:28.067Z'
}
{
  message: 'Database is connected successfully!',
  level: 'info',
  label: 'SH',
  timestamp: '2023-07-03T16:07:02.010Z'
}
{
  message: 'Example app listening on port 5000',
  level: 'info',
  label: 'SH',
  timestamp: '2023-07-03T16:07:02.020Z'
}
{
  message: 'Database is connected successfully!',
  level: 'info',
  label: 'SH',
  timestamp: '2023-07-03T16:13:16.465Z'
}
{
  message: 'Example app listening on port 5000',
  level: 'info',
  label: 'SH',
  timestamp: '2023-07-03T16:13:16.477Z'
}
{
  message: 'Database is connected successfully!',
  level: 'info',
  label: 'SH',
  timestamp: '2023-07-03T16:15:15.515Z'
}
{
  message: 'Example app listening on port 5000',
  level: 'info',
  label: 'SH',
  timestamp: '2023-07-03T16:15:15.526Z'
}
{
  message: 'Database is connected successfully!',
  level: 'info',
  label: 'SH',
  timestamp: '2023-07-03T16:16:05.434Z'
}
{
  message: 'Example app listening on port 5000',
  level: 'info',
  label: 'SH',
  timestamp: '2023-07-03T16:16:05.445Z'
}
{
  message: 'Database is connected successfully!',
  level: 'info',
  label: 'SH',
  timestamp: '2023-07-03T16:16:12.442Z'
}
{
  message: 'Example app listening on port 5000',
  level: 'info',
  label: 'SH',
  timestamp: '2023-07-03T16:16:12.451Z'
}
{
  message: 'Database is connected successfully!',
  level: 'info',
  label: 'SH',
  timestamp: '2023-07-03T16:16:48.707Z'
}
{
  message: 'Example app listening on port 5000',
  level: 'info',
  label: 'SH',
  timestamp: '2023-07-03T16:16:48.718Z'
}
{
  message: 'Database is connected successfully!',
  level: 'info',
  label: 'SH',
  timestamp: '2023-07-03T16:18:12.984Z'
}
{
  message: 'Example app listening on port 5000',
  level: 'info',
  label: 'SH',
  timestamp: '2023-07-03T16:18:12.994Z'
}
{
  message: 'Database is connected successfully!',
  level: 'info',
  label: 'SH',
  timestamp: '2023-07-03T16:37:12.033Z'
}
{
  message: 'Example app listening on port 5000',
  level: 'info',
  label: 'SH',
  timestamp: '2023-07-03T16:37:12.046Z'
}
{
  message: 'Database is connected successfully!',
  level: 'info',
  label: 'SH',
  timestamp: '2023-07-03T16:38:15.572Z'
}
{
  message: 'Example app listening on port 5000',
  level: 'info',
  label: 'SH',
  timestamp: '2023-07-03T16:38:15.583Z'
}
{
  message: 'Database is connected successfully!',
  level: 'info',
  label: 'SH',
  timestamp: '2023-07-03T16:39:37.441Z'
}
{
  message: 'Example app listening on port 5000',
  level: 'info',
  label: 'SH',
  timestamp: '2023-07-03T16:39:37.454Z'
}
{
  message: 'Database is connected successfully!',
  level: 'info',
  label: 'SH',
  timestamp: '2023-07-03T16:40:51.513Z'
}
{
  message: 'Example app listening on port 5000',
  level: 'info',
  label: 'SH',
  timestamp: '2023-07-03T16:40:51.525Z'
}
