{
  message: 'Database is connected successfully!',
  level: 'info',
  label: 'SH',
  timestamp: '2023-06-26T15:24:31.958Z'
}
{
  message: 'Example app listening on port 5000',
  level: 'info',
  label: 'SH',
  timestamp: '2023-06-26T15:24:31.987Z'
}
{
  message: 'Database is connected successfully!',
  level: 'info',
  label: 'SH',
  timestamp: '2023-06-26T15:29:05.621Z'
}
{
  message: 'Example app listening on port 5000',
  level: 'info',
  label: 'SH',
  timestamp: '2023-06-26T15:29:05.631Z'
}
