{
  message: 'Database is connected successfully!',
  level: 'info',
  label: 'SH',
  timestamp: '2023-07-03T10:40:51.469Z'
}
{
  message: 'Example app listening on port 5000',
  level: 'info',
  label: 'SH',
  timestamp: '2023-07-03T10:40:51.486Z'
}
{
  message: 'Database is connected successfully!',
  level: 'info',
  label: 'SH',
  timestamp: '2023-07-03T10:55:26.742Z'
}
{
  message: 'Example app listening on port 5000',
  level: 'info',
  label: 'SH',
  timestamp: '2023-07-03T10:55:26.756Z'
}
{
  message: 'Database is connected successfully!',
  level: 'info',
  label: 'SH',
  timestamp: '2023-07-03T10:56:02.597Z'
}
{
  message: 'Example app listening on port 5000',
  level: 'info',
  label: 'SH',
  timestamp: '2023-07-03T10:56:02.612Z'
}
{
  message: 'Database is connected successfully!',
  level: 'info',
  label: 'SH',
  timestamp: '2023-07-03T10:56:46.061Z'
}
{
  message: 'Example app listening on port 5000',
  level: 'info',
  label: 'SH',
  timestamp: '2023-07-03T10:56:46.079Z'
}
