{
  message: 'Database is connected successfully!',
  level: 'info',
  label: 'SH',
  timestamp: '2023-07-02T15:38:19.357Z'
}
{
  message: 'Example app listening on port 5000',
  level: 'info',
  label: 'SH',
  timestamp: '2023-07-02T15:38:19.372Z'
}
{
  message: 'Database is connected successfully!',
  level: 'info',
  label: 'SH',
  timestamp: '2023-07-02T15:38:27.300Z'
}
{
  message: 'Example app listening on port 5000',
  level: 'info',
  label: 'SH',
  timestamp: '2023-07-02T15:38:27.314Z'
}
