{
  message: 'Database is connected successfully!',
  level: 'info',
  label: 'SH',
  timestamp: '2023-07-03T15:02:01.857Z'
}
{
  message: 'Example app listening on port 5000',
  level: 'info',
  label: 'SH',
  timestamp: '2023-07-03T15:02:01.868Z'
}
{
  message: 'Database is connected successfully!',
  level: 'info',
  label: 'SH',
  timestamp: '2023-07-03T15:10:12.594Z'
}
{
  message: 'Example app listening on port 5000',
  level: 'info',
  label: 'SH',
  timestamp: '2023-07-03T15:10:12.605Z'
}
{
  message: 'Database is connected successfully!',
  level: 'info',
  label: 'SH',
  timestamp: '2023-07-03T15:21:45.440Z'
}
{
  message: 'Example app listening on port 5000',
  level: 'info',
  label: 'SH',
  timestamp: '2023-07-03T15:21:45.453Z'
}
{
  message: 'Database is connected successfully!',
  level: 'info',
  label: 'SH',
  timestamp: '2023-07-03T15:22:58.222Z'
}
{
  message: 'Example app listening on port 5000',
  level: 'info',
  label: 'SH',
  timestamp: '2023-07-03T15:22:58.233Z'
}
{
  message: 'Database is connected successfully!',
  level: 'info',
  label: 'SH',
  timestamp: '2023-07-03T15:23:41.014Z'
}
{
  message: 'Example app listening on port 5000',
  level: 'info',
  label: 'SH',
  timestamp: '2023-07-03T15:23:41.026Z'
}
{
  message: 'Database is connected successfully!',
  level: 'info',
  label: 'SH',
  timestamp: '2023-07-03T15:26:23.719Z'
}
{
  message: 'Example app listening on port 5000',
  level: 'info',
  label: 'SH',
  timestamp: '2023-07-03T15:26:23.731Z'
}
{
  message: 'Database is connected successfully!',
  level: 'info',
  label: 'SH',
  timestamp: '2023-07-03T15:27:57.574Z'
}
{
  message: 'Example app listening on port 5000',
  level: 'info',
  label: 'SH',
  timestamp: '2023-07-03T15:27:57.594Z'
}
{
  message: 'Database is connected successfully!',
  level: 'info',
  label: 'SH',
  timestamp: '2023-07-03T15:28:59.137Z'
}
{
  message: 'Example app listening on port 5000',
  level: 'info',
  label: 'SH',
  timestamp: '2023-07-03T15:28:59.149Z'
}
{
  message: 'Database is connected successfully!',
  level: 'info',
  label: 'SH',
  timestamp: '2023-07-03T15:30:03.852Z'
}
{
  message: 'Example app listening on port 5000',
  level: 'info',
  label: 'SH',
  timestamp: '2023-07-03T15:30:03.863Z'
}
{
  message: 'Database is connected successfully!',
  level: 'info',
  label: 'SH',
  timestamp: '2023-07-03T15:30:47.527Z'
}
{
  message: 'Example app listening on port 5000',
  level: 'info',
  label: 'SH',
  timestamp: '2023-07-03T15:30:47.539Z'
}
{
  message: 'Database is connected successfully!',
  level: 'info',
  label: 'SH',
  timestamp: '2023-07-03T15:37:04.830Z'
}
{
  message: 'Example app listening on port 5000',
  level: 'info',
  label: 'SH',
  timestamp: '2023-07-03T15:37:04.848Z'
}
{
  message: 'Database is connected successfully!',
  level: 'info',
  label: 'SH',
  timestamp: '2023-07-03T15:44:44.021Z'
}
{
  message: 'Example app listening on port 5000',
  level: 'info',
  label: 'SH',
  timestamp: '2023-07-03T15:44:44.033Z'
}
{
  message: 'Database is connected successfully!',
  level: 'info',
  label: 'SH',
  timestamp: '2023-07-03T15:47:47.401Z'
}
{
  message: 'Example app listening on port 5000',
  level: 'info',
  label: 'SH',
  timestamp: '2023-07-03T15:47:47.413Z'
}
{
  message: 'Database is connected successfully!',
  level: 'info',
  label: 'SH',
  timestamp: '2023-07-03T15:48:06.320Z'
}
{
  message: 'Example app listening on port 5000',
  level: 'info',
  label: 'SH',
  timestamp: '2023-07-03T15:48:06.331Z'
}
{
  message: 'Database is connected successfully!',
  level: 'info',
  label: 'SH',
  timestamp: '2023-07-03T15:51:09.742Z'
}
{
  message: 'Example app listening on port 5000',
  level: 'info',
  label: 'SH',
  timestamp: '2023-07-03T15:51:09.757Z'
}
{
  message: 'Database is connected successfully!',
  level: 'info',
  label: 'SH',
  timestamp: '2023-07-03T15:56:35.142Z'
}
{
  message: 'Example app listening on port 5000',
  level: 'info',
  label: 'SH',
  timestamp: '2023-07-03T15:56:35.154Z'
}
{
  message: 'Database is connected successfully!',
  level: 'info',
  label: 'SH',
  timestamp: '2023-07-03T15:59:57.113Z'
}
{
  message: 'Example app listening on port 5000',
  level: 'info',
  label: 'SH',
  timestamp: '2023-07-03T15:59:57.124Z'
}
